2021-08-22 13:08:14:814 [37mdebug[39m: [37mConnection to postgres[39m
2021-08-22 13:08:26:826 [37mdebug[39m: [37mConnection to postgres[39m
2021-08-22 13:08:54:854 [37mdebug[39m: [37mConnection to postgres[39m
2021-08-22 13:08:54:854 [31merror[39m: [31mConnection to postgres[39m
2021-08-22 13:09:04:94 [37mdebug[39m: [37mConnection to postgres[39m
2021-08-22 13:10:23:1023 [37mdebug[39m: [37mConnection to postgres[39m
2021-08-22 13:10:51:1051 [37mdebug[39m: [37mConnection to postgres[39m
2021-08-22 13:11:29:1129 [37mdebug[39m: [37mConnection to postgres[39m
2021-08-22 13:11:47:1147 [37mdebug[39m: [37mConnection to postgres[39m
2021-08-22 13:11:54:1154 [37mdebug[39m: [37mConnection to postgres[39m
2021-08-22 13:12:32:1232 [37mdebug[39m: [37mConnection to postgres[39m
2021-08-22 13:13:16:1316 [37mdebug[39m: [37mConnection to postgres[39m
2021-08-22 13:13:19:1319 [37mdebug[39m: [37mConnection to postgres[39m
2021-08-22 13:14:45:1445 [37mdebug[39m: [37mConnection to postgres[39m
2021-08-22 18:45:30:4530 [37mdebug[39m: [37mConnection to postgres[39m
2021-08-22 18:46:00:460 [37mdebug[39m: [37mConnection to postgres[39m
2021-08-22 18:46:00:460 [37mdebug[39m: [37mListening on port 8080[39m
2021-08-22 18:46:53:4653 [37mdebug[39m: [37mConnection to postgres[39m
2021-08-22 18:46:53:4653 [37mdebug[39m: [37mListening on port 8080[39m
2021-08-22 18:47:34:4734 [37mdebug[39m: [37mConnection to postgres[39m
2021-08-22 18:47:34:4734 [37mdebug[39m: [37mListening on port 8080[39m
2021-08-22 18:47:59:4759 [37mdebug[39m: [37mConnection to postgres[39m
2021-08-22 18:47:59:4759 [37mdebug[39m: [37mListening on port 8080[39m
2021-08-22 18:52:42:5242 [37mdebug[39m: [37mConnection to postgres[39m
2021-08-22 18:52:42:5242 [37mdebug[39m: [37mListening on port 8080[39m
2021-08-22 18:52:45:5245 [35mhttp[39m: [35mGET /api/client 404 149 - 1.747 ms[39m
[35m[39m
2021-08-22 18:53:02:532 [35mhttp[39m: [35mPOST /api/client 404 150 - 0.419 ms[39m
[35m[39m
2021-08-22 18:53:55:5355 [37mdebug[39m: [37mConnection to postgres[39m
2021-08-22 18:53:55:5355 [37mdebug[39m: [37mListening on port 8080[39m
2021-08-22 18:53:58:5358 [35mhttp[39m: [35mPOST /api/client 404 150 - 1.810 ms[39m
[35m[39m
2021-08-22 18:53:59:5359 [35mhttp[39m: [35mPOST /api/client 404 150 - 0.881 ms[39m
[35m[39m
2021-08-22 18:54:08:548 [35mhttp[39m: [35mGET /api/client 404 149 - 0.302 ms[39m
[35m[39m
2021-08-22 18:55:19:5519 [35mhttp[39m: [35mGET / 404 139 - 0.243 ms[39m
[35m[39m
2021-08-22 18:55:20:5520 [35mhttp[39m: [35mGET / 404 139 - 0.238 ms[39m
[35m[39m
2021-08-22 18:55:21:5521 [35mhttp[39m: [35mGET / 404 139 - 0.465 ms[39m
[35m[39m
2021-08-22 18:55:27:5527 [35mhttp[39m: [35mGET /api/client 404 149 - 0.260 ms[39m
[35m[39m
2021-08-22 18:57:33:5733 [37mdebug[39m: [37mConnection to postgres[39m
2021-08-22 18:57:33:5733 [37mdebug[39m: [37mListening on port 8080[39m
2021-08-22 18:57:57:5757 [35mhttp[39m: [35mPOST /api/client 404 150 - 2.265 ms[39m
[35m[39m
2021-08-22 18:59:14:5914 [37mdebug[39m: [37mConnection to postgres[39m
2021-08-22 18:59:14:5914 [37mdebug[39m: [37mListening on port 8080[39m
2021-08-22 18:59:19:5919 [35mhttp[39m: [35mPOST /api/client 404 150 - 2.199 ms[39m
[35m[39m
2021-08-22 18:59:23:5923 [35mhttp[39m: [35mPOST /api/client 404 150 - 1.060 ms[39m
[35m[39m
2021-08-22 18:59:25:5925 [35mhttp[39m: [35mPOST /api/client 404 150 - 0.794 ms[39m
[35m[39m
2021-08-22 18:59:39:5939 [35mhttp[39m: [35mPOST /api/client 404 150 - 0.642 ms[39m
[35m[39m
2021-08-22 19:01:07:17 [35mhttp[39m: [35mPOST /api/client 404 150 - 0.923 ms[39m
[35m[39m
2021-08-22 19:48:43:4843 [37mdebug[39m: [37mConnection to postgres[39m
2021-08-22 19:48:43:4843 [37mdebug[39m: [37mListening on port 8080[39m
2021-08-22 19:48:47:4847 [35mhttp[39m: [35mPOST /api/client 404 150 - 1.272 ms[39m
[35m[39m
2021-08-22 19:50:04:504 [37mdebug[39m: [37mConnection to postgres[39m
2021-08-22 19:50:04:504 [37mdebug[39m: [37mListening on port 8080[39m
2021-08-22 19:50:09:509 [35mhttp[39m: [35mPOST /api/clients 200 5 - 1.856 ms[39m
[35m[39m
2021-08-22 19:50:12:5012 [35mhttp[39m: [35mPOST /api/clients 200 5 - 0.385 ms[39m
[35m[39m
2021-08-22 19:50:13:5013 [35mhttp[39m: [35mPOST /api/clients 200 5 - 0.167 ms[39m
[35m[39m
2021-08-22 19:50:14:5014 [35mhttp[39m: [35mPOST /api/clients 200 5 - 0.177 ms[39m
[35m[39m
2021-08-22 19:50:15:5015 [35mhttp[39m: [35mPOST /api/clients 200 5 - 0.181 ms[39m
[35m[39m
2021-08-22 19:50:15:5015 [35mhttp[39m: [35mPOST /api/clients 200 5 - 0.207 ms[39m
[35m[39m
2021-08-22 19:50:41:5041 [37mdebug[39m: [37mConnection to postgres[39m
2021-08-22 19:50:41:5041 [37mdebug[39m: [37mListening on port 8080[39m
2021-08-22 19:50:44:5044 [35mhttp[39m: [35mPOST /api/client 404 150 - 1.191 ms[39m
[35m[39m
2021-08-22 19:51:06:516 [37mdebug[39m: [37mConnection to postgres[39m
2021-08-22 19:51:06:516 [37mdebug[39m: [37mListening on port 8080[39m
2021-08-22 19:51:06:516 [35mhttp[39m: [35mPOST /api/client 404 150 - 1.120 ms[39m
[35m[39m
2021-08-22 19:51:23:5123 [37mdebug[39m: [37mConnection to postgres[39m
2021-08-22 19:51:23:5123 [37mdebug[39m: [37mListening on port 8080[39m
2021-08-22 19:51:30:5130 [35mhttp[39m: [35mPOST /api/client 404 150 - 1.443 ms[39m
[35m[39m
2021-08-22 19:51:45:5145 [37mdebug[39m: [37mConnection to postgres[39m
2021-08-22 19:51:45:5145 [37mdebug[39m: [37mListening on port 8080[39m
2021-08-22 19:51:46:5146 [35mhttp[39m: [35mPOST /api/client 404 150 - 1.424 ms[39m
[35m[39m
2021-08-22 19:53:25:5325 [37mdebug[39m: [37mConnection to postgres[39m
2021-08-22 19:53:25:5325 [37mdebug[39m: [37mListening on port 8080[39m
2021-08-22 19:53:28:5328 [35mhttp[39m: [35mPOST /api/client 404 150 - 1.246 ms[39m
[35m[39m
2021-08-22 19:53:29:5329 [35mhttp[39m: [35mPOST /api/client 404 150 - 0.228 ms[39m
[35m[39m
2021-08-22 19:53:45:5345 [35mhttp[39m: [35mPOST /api/clients 200 5 - 1.337 ms[39m
[35m[39m
2021-08-22 19:53:55:5355 [35mhttp[39m: [35mPOST /api/client 404 150 - 0.110 ms[39m
[35m[39m
2021-08-22 19:53:56:5356 [35mhttp[39m: [35mPOST /api/client 404 150 - 0.157 ms[39m
[35m[39m
2021-08-22 19:53:57:5357 [35mhttp[39m: [35mPOST /api/client 404 150 - 0.117 ms[39m
[35m[39m
2021-08-22 19:53:58:5358 [35mhttp[39m: [35mPOST /api/client 404 150 - 0.110 ms[39m
[35m[39m
2021-08-22 19:53:59:5359 [35mhttp[39m: [35mPOST /api/client 404 150 - 0.106 ms[39m
[35m[39m
2021-08-22 19:54:13:5413 [37mdebug[39m: [37mConnection to postgres[39m
2021-08-22 19:54:13:5413 [37mdebug[39m: [37mListening on port 8080[39m
2021-08-22 19:54:19:5419 [37mdebug[39m: [37mConnection to postgres[39m
2021-08-22 19:54:19:5419 [37mdebug[39m: [37mListening on port 8080[39m
2021-08-22 19:54:20:5420 [35mhttp[39m: [35mPOST /api/clientss 404 152 - 1.288 ms[39m
[35m[39m
2021-08-22 19:54:31:5431 [37mdebug[39m: [37mConnection to postgres[39m
2021-08-22 19:54:31:5431 [37mdebug[39m: [37mListening on port 8080[39m
2021-08-22 19:54:32:5432 [35mhttp[39m: [35mPOST /api/hello 404 149 - 1.571 ms[39m
[35m[39m
2021-08-22 19:54:33:5433 [35mhttp[39m: [35mPOST /api/hello 404 149 - 0.260 ms[39m
[35m[39m
2021-08-22 19:56:23:5623 [37mdebug[39m: [37mConnection to postgres[39m
2021-08-22 19:56:23:5623 [37mdebug[39m: [37mListening on port 8080[39m
2021-08-22 19:56:37:5637 [37mdebug[39m: [37mConnection to postgres[39m
2021-08-22 19:56:37:5637 [37mdebug[39m: [37mListening on port 8080[39m
2021-08-22 19:56:37:5637 [35mhttp[39m: [35mPOST /api/hello 404 149 - 1.278 ms[39m
[35m[39m
2021-08-22 19:56:38:5638 [35mhttp[39m: [35mPOST /api/hello 404 149 - 0.350 ms[39m
[35m[39m
2021-08-22 19:56:39:5639 [35mhttp[39m: [35mPOST /api/hello 404 149 - 0.146 ms[39m
[35m[39m
2021-08-22 19:56:43:5643 [35mhttp[39m: [35mPOST /api/client 404 150 - 0.173 ms[39m
[35m[39m
2021-08-22 19:57:03:573 [37mdebug[39m: [37mConnection to postgres[39m
2021-08-22 19:57:03:573 [37mdebug[39m: [37mListening on port 8080[39m
2021-08-22 19:57:04:574 [35mhttp[39m: [35mPOST /api/client 404 150 - 1.447 ms[39m
[35m[39m
2021-08-22 20:07:52:752 [37mdebug[39m: [37mConnection to postgres[39m
2021-08-22 20:07:52:752 [37mdebug[39m: [37mListening on port 8080[39m
2021-08-22 20:08:13:813 [35mhttp[39m: [35mPOST /api/client 404 150 - 1.350 ms[39m
[35m[39m
2021-08-22 20:08:14:814 [35mhttp[39m: [35mPOST /api/client 404 150 - 0.267 ms[39m
[35m[39m
2021-08-22 20:08:21:821 [35mhttp[39m: [35mPOST /api/client 404 150 - 0.167 ms[39m
[35m[39m
2021-08-22 20:08:23:823 [35mhttp[39m: [35mPOST /api/client 404 150 - 0.170 ms[39m
[35m[39m
2021-08-22 20:08:23:823 [35mhttp[39m: [35mPOST /api/client 404 150 - 0.169 ms[39m
[35m[39m
2021-08-22 20:09:05:95 [37mdebug[39m: [37mConnection to postgres[39m
2021-08-22 20:09:05:95 [37mdebug[39m: [37mListening on port 8080[39m
2021-08-22 20:09:08:98 [35mhttp[39m: [35mPOST /api/client 200 5 - 1.558 ms[39m
[35m[39m
2021-08-22 20:09:17:917 [37mdebug[39m: [37mConnection to postgres[39m
2021-08-22 20:09:17:917 [37mdebug[39m: [37mListening on port 8080[39m
2021-08-22 20:09:33:933 [37mdebug[39m: [37mConnection to postgres[39m
2021-08-22 20:09:33:933 [37mdebug[39m: [37mListening on port 8080[39m
2021-08-22 20:09:50:950 [37mdebug[39m: [37mConnection to postgres[39m
2021-08-22 20:09:50:950 [37mdebug[39m: [37mListening on port 8080[39m
2021-08-22 20:10:07:107 [37mdebug[39m: [37mConnection to postgres[39m
2021-08-22 20:10:07:107 [37mdebug[39m: [37mListening on port 8080[39m
2021-08-22 20:10:07:107 [35mhttp[39m: [35mPOST /api/client 200 5 - 1.979 ms[39m
[35m[39m
2021-08-22 20:10:12:1012 [35mhttp[39m: [35mPOST /api/client 200 5 - 0.289 ms[39m
[35m[39m
2021-08-22 20:12:14:1214 [37mdebug[39m: [37mConnection to postgres[39m
2021-08-22 20:12:14:1214 [37mdebug[39m: [37mListening on port 8080[39m
2021-08-22 20:14:26:1426 [37mdebug[39m: [37mConnection to postgres[39m
2021-08-22 20:14:26:1426 [37mdebug[39m: [37mListening on port 8080[39m
2021-08-22 20:14:49:1449 [37mdebug[39m: [37mConnection to postgres[39m
2021-08-22 20:14:49:1449 [37mdebug[39m: [37mListening on port 8080[39m
2021-08-22 20:15:43:1543 [37mdebug[39m: [37mConnection to postgres[39m
2021-08-22 20:15:43:1543 [37mdebug[39m: [37mListening on port 8080[39m
2021-08-22 20:16:21:1621 [37mdebug[39m: [37mConnection to postgres[39m
2021-08-22 20:16:21:1621 [37mdebug[39m: [37mListening on port 8080[39m
2021-08-22 20:19:54:1954 [37mdebug[39m: [37mCLIENT OBJ[39m
2021-08-22 20:20:47:2047 [37mdebug[39m: [37mConnection to postgres[39m
2021-08-22 20:20:47:2047 [37mdebug[39m: [37mListening on port 8080[39m
2021-08-22 20:21:19:2119 [37mdebug[39m: [37mConnection to postgres[39m
2021-08-22 20:21:19:2119 [37mdebug[39m: [37mListening on port 8080[39m
2021-08-22 20:21:20:2120 [37mdebug[39m: [37mCLIENT OBJ[39m
2021-08-22 20:21:21:2121 [31merror[39m: [31mUnable to save client value too long for type character varying(10)[39m
2021-08-22 20:21:21:2121 [35mhttp[39m: [35mPOST /api/client 400 76 - 36.883 ms[39m
[35m[39m
2021-08-22 20:22:06:226 [37mdebug[39m: [37mConnection to postgres[39m
2021-08-22 20:22:06:226 [37mdebug[39m: [37mListening on port 8080[39m
2021-08-22 20:22:10:2210 [37mdebug[39m: [37mCLIENT OBJ[39m
2021-08-22 20:22:10:2210 [31merror[39m: [31mUnable to save client null value in column "phone" of relation "client" violates not-null constraint[39m
2021-08-22 20:22:10:2210 [35mhttp[39m: [35mPOST /api/client 400 113 - 143.727 ms[39m
[35m[39m
2021-08-22 20:23:55:2355 [37mdebug[39m: [37mConnection to postgres[39m
2021-08-22 20:23:55:2355 [37mdebug[39m: [37mListening on port 8080[39m
2021-08-22 20:23:57:2357 [37mdebug[39m: [37mCLIENT OBJ[39m
2021-08-22 20:23:57:2357 [31merror[39m: [31mUnable to save client value "5496929857" is out of range for type integer[39m
2021-08-22 20:23:57:2357 [35mhttp[39m: [35mPOST /api/client 400 84 - 32.880 ms[39m
[35m[39m
2021-08-22 20:24:16:2416 [37mdebug[39m: [37mCLIENT OBJ[39m
2021-08-22 20:24:16:2416 [31merror[39m: [31mUnable to save client value "9887676543" is out of range for type integer[39m
2021-08-22 20:24:16:2416 [35mhttp[39m: [35mPOST /api/client 400 84 - 37.085 ms[39m
[35m[39m
2021-08-22 20:24:53:2453 [37mdebug[39m: [37mConnection to postgres[39m
2021-08-22 20:24:53:2453 [37mdebug[39m: [37mListening on port 8080[39m
2021-08-22 20:24:53:2453 [37mdebug[39m: [37mCLIENT OBJ[39m
2021-08-22 20:24:53:2453 [35mhttp[39m: [35mPOST /api/client 200 304 - 81.369 ms[39m
[35m[39m
2021-08-22 20:26:06:266 [37mdebug[39m: [37mCLIENT OBJ[39m
2021-08-22 20:26:06:266 [35mhttp[39m: [35mPOST /api/client 200 292 - 165.483 ms[39m
[35m[39m
2021-08-22 20:27:27:2727 [37mdebug[39m: [37mConnection to postgres[39m
2021-08-22 20:27:27:2727 [37mdebug[39m: [37mListening on port 8080[39m
2021-08-22 20:27:44:2744 [37mdebug[39m: [37mConnection to postgres[39m
2021-08-22 20:27:44:2744 [37mdebug[39m: [37mListening on port 8080[39m
2021-08-22 20:29:35:2935 [37mdebug[39m: [37mConnection to postgres[39m
2021-08-22 20:29:35:2935 [37mdebug[39m: [37mListening on port 8080[39m
2021-08-22 20:30:13:3013 [37mdebug[39m: [37mConnection to postgres[39m
2021-08-22 20:30:13:3013 [37mdebug[39m: [37mListening on port 8080[39m
2021-08-22 20:30:58:3058 [37mdebug[39m: [37mConnection to postgres[39m
2021-08-22 20:30:58:3058 [37mdebug[39m: [37mListening on port 8080[39m
2021-08-22 20:31:25:3125 [37mdebug[39m: [37mConnection to postgres[39m
2021-08-22 20:31:25:3125 [37mdebug[39m: [37mListening on port 8080[39m
2021-08-22 20:41:25:4125 [37mdebug[39m: [37mConnection to postgres[39m
2021-08-22 20:41:25:4125 [37mdebug[39m: [37mListening on port 8080[39m
2021-08-22 20:46:30:4630 [37mdebug[39m: [37mConnection to postgres[39m
2021-08-22 20:46:30:4630 [37mdebug[39m: [37mListening on port 8080[39m
2021-08-22 20:48:27:4827 [37mdebug[39m: [37mConnection to postgres[39m
2021-08-22 20:48:27:4827 [31merror[39m: [31mapp.use() requires a middleware function[39m
2021-08-22 20:48:41:4841 [37mdebug[39m: [37mConnection to postgres[39m
2021-08-22 20:48:41:4841 [31merror[39m: [31mapp.use() requires a middleware function[39m
2021-08-22 20:49:12:4912 [37mdebug[39m: [37mConnection to postgres[39m
2021-08-22 20:49:12:4912 [37mdebug[39m: [37mListening on port 8080[39m
2021-08-22 20:49:24:4924 [37mdebug[39m: [37mConnection to postgres[39m
2021-08-22 20:49:24:4924 [37mdebug[39m: [37mListening on port 8080[39m
2021-08-22 20:49:35:4935 [37mdebug[39m: [37mConnection to postgres[39m
2021-08-22 20:49:35:4935 [37mdebug[39m: [37mListening on port 8080[39m
2021-08-22 20:50:48:5048 [37mdebug[39m: [37mCLIENT OBJ[39m
2021-08-22 20:50:48:5048 [35mhttp[39m: [35mPOST /api/banker 200 242 - 168.421 ms[39m
[35m[39m
2021-08-22 20:51:15:5115 [37mdebug[39m: [37mConnection to postgres[39m
2021-08-22 20:51:15:5115 [37mdebug[39m: [37mListening on port 8080[39m
2021-08-22 23:26:07:267 [37mdebug[39m: [37mConnection to postgres[39m
2021-08-22 23:26:07:267 [37mdebug[39m: [37mListening on port 8080[39m
2021-08-22 23:26:56:2656 [35mhttp[39m: [35mGET /api/client/2/transaction 404 163 - 1.647 ms[39m
[35m[39m
2021-08-22 23:27:06:276 [35mhttp[39m: [35mPOST /api/client/2/transaction 200 44 - 272.605 ms[39m
[35m[39m
2021-08-22 23:27:43:2743 [35mhttp[39m: [35mPOST /api/client/4/transaction 404 30 - 39.341 ms[39m
[35m[39m
2021-08-22 23:27:46:2746 [35mhttp[39m: [35mPOST /api/client/6/transaction 404 30 - 3.777 ms[39m
[35m[39m
2021-08-22 23:27:48:2748 [35mhttp[39m: [35mPOST /api/client/3/transaction 200 44 - 145.647 ms[39m
[35m[39m
2021-08-22 23:27:57:2757 [35mhttp[39m: [35mPOST /api/client/3/transaction 200 44 - 131.519 ms[39m
[35m[39m
2021-08-22 23:28:23:2823 [37mdebug[39m: [37mConnection to postgres[39m
2021-08-22 23:28:23:2823 [37mdebug[39m: [37mListening on port 8080[39m
2021-08-22 23:28:26:2826 [35mhttp[39m: [35mPOST /api/client/3/transaction 200 356 - 157.187 ms[39m
[35m[39m
2021-08-22 23:28:41:2841 [35mhttp[39m: [35mPOST /api/client/3/transaction 200 356 - 171.035 ms[39m
[35m[39m
2021-08-22 23:38:07:387 [37mdebug[39m: [37mConnection to postgres[39m
2021-08-22 23:38:07:387 [37mdebug[39m: [37mListening on port 8080[39m
2021-08-22 23:38:13:3813 [35mhttp[39m: [35mPOST /api/client/3/transaction 200 356 - 163.595 ms[39m
[35m[39m
2021-08-22 23:39:17:3917 [37mdebug[39m: [37mConnection to postgres[39m
2021-08-22 23:39:17:3917 [37mdebug[39m: [37mListening on port 8080[39m
2021-08-22 23:39:19:3919 [35mhttp[39m: [35mPOST /api/client/3/transaction 200 351 - 80.155 ms[39m
[35m[39m
2021-08-22 23:39:22:3922 [35mhttp[39m: [35mPOST /api/client/3/transaction 200 351 - 136.697 ms[39m
[35m[39m
2021-08-22 23:39:40:3940 [35mhttp[39m: [35mPOST /api/client/3/transaction 200 350 - 166.584 ms[39m
[35m[39m
2021-08-22 23:41:48:4148 [37mdebug[39m: [37mConnection to postgres[39m
2021-08-22 23:41:48:4148 [37mdebug[39m: [37mListening on port 8080[39m
2021-08-22 23:42:14:4214 [37mdebug[39m: [37mConnection to postgres[39m
2021-08-22 23:43:41:4341 [37mdebug[39m: [37mConnection to postgres[39m
2021-08-22 23:45:08:458 [37mdebug[39m: [37mConnection to postgres[39m
2021-08-22 23:45:30:4530 [37mdebug[39m: [37mConnection to postgres[39m
2021-08-22 23:45:30:4530 [37mdebug[39m: [37mListening on port 8080[39m
2021-08-22 23:45:41:4541 [37mdebug[39m: [37mConnection to postgres[39m
2021-08-22 23:45:41:4541 [37mdebug[39m: [37mListening on port 8081[39m
2021-08-22 23:48:52:4852 [35mhttp[39m: [35mPOST /api/client/1/transaction 404 30 - 34.922 ms[39m
[35m[39m
2021-08-22 23:48:55:4855 [35mhttp[39m: [35mPOST /api/client/2/transaction 200 361 - 149.785 ms[39m
[35m[39m
2021-08-22 23:54:55:5455 [37mdebug[39m: [37mConnection to postgres[39m
2021-08-22 23:54:55:5455 [37mdebug[39m: [37mListening on port 8081[39m
2021-08-22 23:55:03:553 [35mhttp[39m: [35mPOST /api/client/2/transaction 200 361 - 160.387 ms[39m
[35m[39m
2021-08-22 23:55:07:557 [35mhttp[39m: [35mPOST /api/client/2/transaction 200 361 - 46.675 ms[39m
[35m[39m
2021-08-22 23:55:28:5528 [35mhttp[39m: [35mPOST /api/client/2/transaction 200 361 - 162.963 ms[39m
[35m[39m
2021-08-22 23:55:43:5543 [35mhttp[39m: [35mPOST /api/client/2/transaction 200 362 - 161.285 ms[39m
[35m[39m
2021-08-22 23:55:47:5547 [35mhttp[39m: [35mPOST /api/client/2/transaction 200 362 - 131.626 ms[39m
[35m[39m
2021-08-22 23:55:48:5548 [35mhttp[39m: [35mPOST /api/client/2/transaction 200 362 - 140.084 ms[39m
[35m[39m
2021-08-22 23:55:49:5549 [35mhttp[39m: [35mPOST /api/client/2/transaction 200 362 - 137.723 ms[39m
[35m[39m
2021-08-22 23:55:50:5550 [35mhttp[39m: [35mPOST /api/client/2/transaction 200 362 - 39.164 ms[39m
[35m[39m
2021-08-22 23:55:51:5551 [35mhttp[39m: [35mPOST /api/client/2/transaction 200 362 - 128.011 ms[39m
[35m[39m
2021-08-22 23:55:52:5552 [35mhttp[39m: [35mPOST /api/client/2/transaction 200 362 - 132.363 ms[39m
[35m[39m
2021-08-22 23:55:52:5552 [35mhttp[39m: [35mPOST /api/client/2/transaction 200 362 - 33.703 ms[39m
[35m[39m
2021-08-22 23:55:53:5553 [35mhttp[39m: [35mPOST /api/client/2/transaction 200 362 - 132.955 ms[39m
[35m[39m
2021-08-22 23:55:54:5554 [35mhttp[39m: [35mPOST /api/client/2/transaction 200 362 - 133.056 ms[39m
[35m[39m
2021-08-22 23:59:13:5913 [37mdebug[39m: [37mConnection to postgres[39m
2021-08-22 23:59:13:5913 [37mdebug[39m: [37mListening on port 8081[39m
2021-08-23 00:02:50:250 [37mdebug[39m: [37mConnection to postgres[39m
2021-08-23 00:02:51:251 [37mdebug[39m: [37mListening on port 8081[39m
2021-08-23 00:02:56:256 [37mdebug[39m: [37mConnection to postgres[39m
2021-08-23 00:02:56:256 [37mdebug[39m: [37mListening on port 8081[39m
2021-08-23 00:03:13:313 [35mhttp[39m: [35mPOST /api/client/2/transaction 200 361 - 155.885 ms[39m
[35m[39m
2021-08-23 00:03:33:333 [37mdebug[39m: [37mConnection to postgres[39m
2021-08-23 00:03:33:333 [37mdebug[39m: [37mListening on port 8081[39m
2021-08-23 00:03:50:350 [35mhttp[39m: [35mPOST /api/client/2/transaction 200 361 - 160.995 ms[39m
[35m[39m
2021-08-23 00:04:03:43 [35mhttp[39m: [35mPOST /api/client/2/transaction 200 362 - 157.652 ms[39m
[35m[39m
2021-08-23 00:04:22:422 [35mhttp[39m: [35mPOST /api/client/2/transaction 200 362 - 169.813 ms[39m
[35m[39m
2021-08-23 00:05:45:545 [37mdebug[39m: [37mConnection to postgres[39m
2021-08-23 00:05:45:545 [37mdebug[39m: [37mListening on port 8081[39m
2021-08-23 00:06:38:638 [37mdebug[39m: [37mConnection to postgres[39m
2021-08-23 00:06:38:638 [37mdebug[39m: [37mListening on port 8081[39m
2021-08-23 00:06:39:639 [35mhttp[39m: [35mPOST /api/client/2/transaction 200 362 - 165.771 ms[39m
[35m[39m
2021-08-23 00:06:40:640 [35mhttp[39m: [35mPOST /api/client/2/transaction 200 362 - 135.846 ms[39m
[35m[39m
2021-08-23 00:06:44:644 [35mhttp[39m: [35mPOST /api/client/2/transaction 200 362 - 134.367 ms[39m
[35m[39m
2021-08-23 00:06:45:645 [35mhttp[39m: [35mPOST /api/client/2/transaction 200 362 - 216.898 ms[39m
[35m[39m
2021-08-23 00:06:45:645 [35mhttp[39m: [35mPOST /api/client/2/transaction 200 362 - 41.735 ms[39m
[35m[39m
2021-08-23 00:06:46:646 [35mhttp[39m: [35mPOST /api/client/2/transaction 200 362 - 56.429 ms[39m
[35m[39m
2021-08-23 00:06:47:647 [35mhttp[39m: [35mPOST /api/client/2/transaction 200 362 - 37.188 ms[39m
[35m[39m
2021-08-23 00:06:48:648 [35mhttp[39m: [35mPOST /api/client/2/transaction 200 362 - 43.503 ms[39m
[35m[39m
2021-08-23 00:06:49:649 [35mhttp[39m: [35mPOST /api/client/2/transaction 200 362 - 40.735 ms[39m
[35m[39m
2021-08-25 19:08:39:839 [31merror[39m: [31mconnect ECONNREFUSED 127.0.0.1:5438[39m
2021-08-25 19:33:24:3324 [37mdebug[39m: [37mConnection to postgres[39m
2021-08-25 19:33:24:3324 [37mdebug[39m: [37mListening on port 8081[39m
2021-08-25 19:34:14:3414 [37mdebug[39m: [37mConnection to postgres[39m
2021-08-25 19:34:14:3414 [37mdebug[39m: [37mListening on port 8081[39m
2021-08-25 19:34:47:3447 [37mdebug[39m: [37mConnection to postgres[39m
2021-08-25 19:34:47:3447 [37mdebug[39m: [37mListening on port 8081[39m
2021-08-25 19:34:56:3456 [37mdebug[39m: [37mConnection to postgres[39m
2021-08-25 19:34:56:3456 [37mdebug[39m: [37mListening on port 8080[39m
2021-08-25 19:35:00:350 [35mhttp[39m: [35mPOST /api/client/2/transaction 200 738 - 348.421 ms[39m
[35m[39m
2021-08-25 19:35:04:354 [35mhttp[39m: [35mPOST /api/client/2/transaction 200 738 - 182.252 ms[39m
[35m[39m
2021-08-25 19:35:06:356 [35mhttp[39m: [35mPOST /api/client/2/transaction 200 738 - 168.613 ms[39m
[35m[39m
2021-08-25 19:35:14:3514 [35mhttp[39m: [35mPOST /api/client/2/transaction 200 739 - 188.415 ms[39m
[35m[39m
2021-08-25 19:35:23:3523 [35mhttp[39m: [35mPOST /api/client/2/transaction 200 740 - 169.002 ms[39m
[35m[39m
2021-08-25 19:35:28:3528 [35mhttp[39m: [35mPOST /api/client/2/transaction 200 740 - 185.730 ms[39m
[35m[39m
2021-08-25 19:37:49:3749 [37mdebug[39m: [37mConnection to postgres[39m
2021-08-25 19:37:49:3749 [37mdebug[39m: [37mListening on port 8080[39m
2021-08-25 19:37:54:3754 [35mhttp[39m: [35mPOST /api/client/2/transaction 400 30 - 155.595 ms[39m
[35m[39m
2021-08-25 19:38:01:381 [35mhttp[39m: [35mPOST /api/client/2/transaction 400 30 - 135.519 ms[39m
[35m[39m
2021-08-25 19:38:03:383 [35mhttp[39m: [35mPOST /api/client/2/transaction 400 30 - 139.025 ms[39m
[35m[39m
2021-08-25 19:38:46:3846 [35mhttp[39m: [35mPOST /api/client/2/transaction 200 736 - 235.025 ms[39m
[35m[39m
2021-08-25 19:39:29:3929 [35mhttp[39m: [35mPOST /api/client/2/transaction 400 30 - 102.691 ms[39m
[35m[39m
2021-08-25 19:39:31:3931 [35mhttp[39m: [35mPOST /api/client/2/transaction 400 30 - 133.345 ms[39m
[35m[39m
2021-08-25 19:39:50:3950 [37mdebug[39m: [37mConnection to postgres[39m
2021-08-25 19:39:50:3950 [37mdebug[39m: [37mListening on port 8080[39m
2021-08-25 19:40:25:4025 [37mdebug[39m: [37mConnection to postgres[39m
2021-08-25 19:40:25:4025 [37mdebug[39m: [37mListening on port 8080[39m
2021-08-25 19:41:07:417 [35mhttp[39m: [35mPOST /api/client/2/transaction 400 30 - 18410.447 ms[39m
[35m[39m
2021-08-25 19:41:34:4134 [35mhttp[39m: [35mPOST /api/client/2/transaction 400 30 - 4100.645 ms[39m
[35m[39m
2021-08-25 19:42:07:427 [35mhttp[39m: [35mPOST /api/client/2/transaction 400 30 - 16070.844 ms[39m
[35m[39m
2021-08-25 19:43:42:4342 [37mdebug[39m: [37mConnection to postgres[39m
2021-08-25 19:43:42:4342 [37mdebug[39m: [37mListening on port 8080[39m
2021-08-25 19:43:45:4345 [35mhttp[39m: [35mPOST /api/client/2/transaction 200 737 - 366.750 ms[39m
[35m[39m
2021-08-25 19:43:55:4355 [35mhttp[39m: [35mPOST /api/client/2/transaction 400 30 - 171.657 ms[39m
[35m[39m
2021-08-25 19:44:00:440 [35mhttp[39m: [35mPOST /api/client/2/transaction 200 736 - 184.253 ms[39m
[35m[39m
2021-08-25 19:44:09:449 [35mhttp[39m: [35mPOST /api/client/2/transaction 400 30 - 133.720 ms[39m
[35m[39m
2021-08-25 19:45:40:4540 [37mdebug[39m: [37mConnection to postgres[39m
2021-08-25 19:45:40:4540 [37mdebug[39m: [37mListening on port 8080[39m
2021-08-25 19:46:37:4637 [37mdebug[39m: [37mConnection to postgres[39m
2021-08-25 19:46:37:4637 [37mdebug[39m: [37mListening on port 8080[39m
2021-08-25 20:01:49:149 [37mdebug[39m: [37mConnection to postgres[39m
2021-08-25 20:01:49:149 [37mdebug[39m: [37mListening on port 8080[39m
2021-08-25 20:03:10:310 [37mdebug[39m: [37mConnection to postgres[39m
2021-08-25 20:03:10:310 [37mdebug[39m: [37mListening on port 8080[39m
2021-08-25 20:09:45:945 [37mdebug[39m: [37mConnection to postgres[39m
2021-08-25 20:09:45:945 [37mdebug[39m: [37mListening on port 8080[39m
2021-08-25 20:10:51:1051 [35mhttp[39m: [35mGET /api/banker/2/client/2 404 160 - 2.317 ms[39m
[35m[39m
2021-08-25 20:11:17:1117 [35mhttp[39m: [35mPUT /api/banker/2/client/2 - - - - ms[39m
[35m[39m
2021-08-25 20:12:08:128 [37mdebug[39m: [37mConnection to postgres[39m
2021-08-25 20:12:08:128 [37mdebug[39m: [37mListening on port 8080[39m
2021-08-25 20:12:27:1227 [35mhttp[39m: [35mPUT /api/banker/2/client/2 200 61 - 55.701 ms[39m
[35m[39m
2021-08-28 12:49:09:499 [31merror[39m: [31mconnect ECONNREFUSED 127.0.0.1:5438[39m
2021-08-28 13:10:15:1015 [37mdebug[39m: [37mConnection to postgres[39m
2021-08-28 13:10:15:1015 [37mdebug[39m: [37mListening on port 8080[39m
2021-08-28 13:15:25:1525 [37mdebug[39m: [37mConnection to postgres[39m
2021-08-28 13:15:25:1525 [37mdebug[39m: [37mListening on port 8080[39m
2021-08-28 13:15:44:1544 [37mdebug[39m: [37mConnection to postgres[39m
2021-08-28 13:15:44:1544 [37mdebug[39m: [37mListening on port 8080[39m
2021-08-28 13:16:25:1625 [37mdebug[39m: [37mConnection to postgres[39m
2021-08-28 13:16:25:1625 [37mdebug[39m: [37mListening on port 8080[39m
2021-08-28 13:17:20:1720 [37mdebug[39m: [37mConnection to postgres[39m
2021-08-28 13:17:20:1720 [37mdebug[39m: [37mListening on port 8080[39m
2021-08-28 13:18:09:189 [37mdebug[39m: [37mConnection to postgres[39m
2021-08-28 13:18:09:189 [37mdebug[39m: [37mListening on port 8080[39m
2021-08-28 13:18:21:1821 [37mdebug[39m: [37mConnection to postgres[39m
2021-08-28 13:18:21:1821 [37mdebug[39m: [37mListening on port 8080[39m
2021-08-28 13:27:13:2713 [35mhttp[39m: [35mPOST /api/client/2/transaction 400 30 - 146.178 ms[39m
[35m[39m
2021-08-28 13:27:26:2726 [35mhttp[39m: [35mPOST /api/client/2/transaction 200 740 - 208.579 ms[39m
[35m[39m
2021-08-28 13:29:27:2927 [37mdebug[39m: [37mConnection to postgres[39m
2021-08-28 13:29:27:2927 [37mdebug[39m: [37mListening on port 8080[39m
2021-08-28 18:22:40:2240 [31merror[39m: [31mthe database system is starting up[39m
2021-08-28 18:22:57:2257 [37mdebug[39m: [37mConnection to postgres[39m
2021-08-28 18:22:57:2257 [37mdebug[39m: [37mListening on port 8080[39m
2021-08-28 19:18:08:188 [37mdebug[39m: [37mConnection to postgres[39m
2021-08-28 19:18:08:188 [37mdebug[39m: [37mListening on port 8080[39m
2021-08-28 19:19:26:1926 [37mdebug[39m: [37mConnection to postgres[39m
2021-08-28 19:19:26:1926 [37mdebug[39m: [37mListening on port 8080[39m
2021-08-28 19:19:51:1951 [37mdebug[39m: [37mConnection to postgres[39m
2021-08-28 19:19:51:1951 [37mdebug[39m: [37mListening on port 8080[39m
2021-08-28 19:32:13:3213 [37mdebug[39m: [37mConnection to postgres[39m
2021-08-28 19:32:13:3213 [37mdebug[39m: [37mListening on port 8080[39m
2021-08-28 19:33:47:3347 [37mdebug[39m: [37mConnection to postgres[39m
2021-08-28 19:33:47:3347 [37mdebug[39m: [37mListening on port 8080[39m
2021-08-28 19:34:05:345 [37mdebug[39m: [37mConnection to postgres[39m
2021-08-28 19:34:05:345 [37mdebug[39m: [37mListening on port 8080[39m
2021-08-28 19:34:33:3433 [35mhttp[39m: [35mGET /api/clients 200 89 - 589.303 ms[39m
[35m[39m
2021-08-28 19:39:50:3950 [37mdebug[39m: [37mConnection to postgres[39m
2021-08-28 19:39:50:3950 [37mdebug[39m: [37mListening on port 8080[39m
2021-08-28 19:39:50:3950 [35mhttp[39m: [35mGET /api/clients 200 135 - 16.935 ms[39m
[35m[39m
2021-08-28 19:41:45:4145 [37mdebug[39m: [37mConnection to postgres[39m
2021-08-28 19:41:45:4145 [37mdebug[39m: [37mListening on port 8080[39m
2021-08-28 19:41:45:4145 [35mhttp[39m: [35mGET /api/clients 200 72 - 19.217 ms[39m
[35m[39m
2021-08-28 19:42:27:4227 [37mdebug[39m: [37mConnection to postgres[39m
2021-08-28 19:42:27:4227 [37mdebug[39m: [37mListening on port 8080[39m
2021-08-28 19:42:28:4228 [35mhttp[39m: [35mGET /api/clients 200 135 - 50.954 ms[39m
[35m[39m
2021-08-28 19:42:43:4243 [37mdebug[39m: [37mConnection to postgres[39m
2021-08-28 19:42:43:4243 [37mdebug[39m: [37mListening on port 8080[39m
2021-08-28 19:42:51:4251 [35mhttp[39m: [35mGET /api/clients 200 135 - 32.554 ms[39m
[35m[39m
2021-08-28 19:42:54:4254 [35mhttp[39m: [35mGET /api/clients 200 135 - 19.277 ms[39m
[35m[39m
2021-08-28 19:42:55:4255 [35mhttp[39m: [35mGET /api/clients 200 135 - 15.710 ms[39m
[35m[39m
2021-08-28 19:43:10:4310 [37mdebug[39m: [37mConnection to postgres[39m
2021-08-28 19:43:10:4310 [37mdebug[39m: [37mListening on port 8080[39m
2021-08-28 19:43:11:4311 [35mhttp[39m: [35mGET /api/clients 200 36 - 19.981 ms[39m
[35m[39m
2021-08-28 19:43:22:4322 [37mdebug[39m: [37mConnection to postgres[39m
2021-08-28 19:43:22:4322 [37mdebug[39m: [37mListening on port 8080[39m
2021-08-28 19:43:28:4328 [37mdebug[39m: [37mConnection to postgres[39m
2021-08-28 19:43:28:4328 [37mdebug[39m: [37mListening on port 8080[39m
